<?xml version="1.0" encoding="UTF-8"?>
<testsuite xmlns:xsi="http://www.w3.org/2001/XMLSchema-instance" xsi:noNamespaceSchemaLocation="https://maven.apache.org/surefire/maven-surefire-plugin/xsd/surefire-test-report.xsd" version="3.0.2" name="com.asn1.asn1.Asn1ApplicationTests" time="4.085" tests="1" errors="0" skipped="0" failures="0" flakes="0">
  <properties>
[...]
</properties>
  <testcase name="contextLoads" classname="com.asn1.asn1.Asn1ApplicationTests" time="0.387">
    <system-out><![CDATA[17:11:32.941 [main] INFO org.springframework.test.context.support.AnnotationConfigContextLoaderUtils -- Could not detect default configuration classes for test class [com.asn1.asn1.Asn1ApplicationTests]: Asn1ApplicationTests does not declare any static, non-private, non-final, nested classes annotated with @Configuration.
17:11:33.032 [main] INFO org.springframework.boot.test.context.SpringBootTestContextBootstrapper -- Found @SpringBootConfiguration com.asn1.asn1.Asn1Application for test class com.asn1.asn1.Asn1ApplicationTests
17:11:33.103 [main] INFO org.springframework.test.context.support.AnnotationConfigContextLoaderUtils -- Could not detect default configuration classes for test class [com.asn1.asn1.Asn1ApplicationTests]: Asn1ApplicationTests does not declare any static, non-private, non-final, nested classes annotated with @Configuration.
17:11:33.104 [main] INFO org.springframework.boot.test.context.SpringBootTestContextBootstrapper -- Found @SpringBootConfiguration com.asn1.asn1.Asn1Application for test class com.asn1.asn1.Asn1ApplicationTests
17:11:33.172 [main] INFO org.springframework.boot.devtools.restart.RestartApplicationListener -- Restart disabled due to context in which it is running

  .   ____          _            __ _ _
 /\\ / ___'_ __ _ _(_)_ __  __ _ \ \ \ \
( ( )\___ | '_ | '_| | '_ \/ _` | \ \ \ \
 \\/  ___)| |_)| | | | | || (_| |  ) ) ) )
  '  |____| .__|_| |_|_| |_\__, | / / / /
 =========|_|==============|___/=/_/_/_/

 :: Spring Boot ::                (v4.0.6)

2026-06-01T17:11:33.441-07:00  INFO 15444 --- [asn1] [           main] com.asn1.asn1.Asn1ApplicationTests       : Starting Asn1ApplicationTests using Java 26.0.1 with PID 15444 (started by yihec in D:\sfu\cmpt276projectfiles\asn1Merged)
2026-06-01T17:11:33.442-07:00  INFO 15444 --- [asn1] [           main] com.asn1.asn1.Asn1ApplicationTests       : No active profile set, falling back to 1 default profile: "default"
2026-06-01T17:11:34.093-07:00  INFO 15444 --- [asn1] [           main] .s.d.r.c.RepositoryConfigurationDelegate : Bootstrapping Spring Data JPA repositories in DEFAULT mode.
2026-06-01T17:11:34.110-07:00  INFO 15444 --- [asn1] [           main] .s.d.r.c.RepositoryConfigurationDelegate : Finished Spring Data repository scanning in 9 ms. Found 0 JPA repository interfaces.
2026-06-01T17:11:34.445-07:00  INFO 15444 --- [asn1] [           main] com.zaxxer.hikari.HikariDataSource       : HikariPool-1 - Starting...
2026-06-01T17:11:34.625-07:00  INFO 15444 --- [asn1] [           main] com.zaxxer.hikari.pool.HikariPool        : HikariPool-1 - Added connection conn0: url=jdbc:h2:mem:8db1bd97-312e-4ba1-ba5e-e6ef06baa2fc user=SA
2026-06-01T17:11:34.626-07:00  INFO 15444 --- [asn1] [           main] com.zaxxer.hikari.HikariDataSource       : HikariPool-1 - Start completed.
2026-06-01T17:11:34.754-07:00  INFO 15444 --- [asn1] [           main] org.hibernate.orm.jpa                    : HHH008540: Processing PersistenceUnitInfo [name: default]
2026-06-01T17:11:34.803-07:00  INFO 15444 --- [asn1] [           main] org.hibernate.orm.core                   : HHH000001: Hibernate ORM core version 7.2.12.Final
2026-06-01T17:11:35.200-07:00  INFO 15444 --- [asn1] [           main] o.s.o.j.p.SpringPersistenceUnitInfo      : No LoadTimeWeaver setup: ignoring JPA class transformer
2026-06-01T17:11:35.267-07:00  INFO 15444 --- [asn1] [           main] org.hibernate.orm.connections.pooling    : HHH10001005: Database info:
	Database JDBC URL [jdbc:h2:mem:8db1bd97-312e-4ba1-ba5e-e6ef06baa2fc]
	Database driver: H2 JDBC Driver
	Database dialect: H2Dialect
	Database version: 2.4.240
	Default catalog/schema: 8DB1BD97-312E-4BA1-BA5E-E6EF06BAA2FC/PUBLIC
	Autocommit mode: undefined/unknown
	Isolation level: READ_COMMITTED [default READ_COMMITTED]
	JDBC fetch size: 100
	Pool: DataSourceConnectionProvider
	Minimum pool size: undefined/unknown
	Maximum pool size: undefined/unknown
2026-06-01T17:11:35.539-07:00  INFO 15444 --- [asn1] [           main] org.hibernate.orm.core                   : HHH000489: No JTA platform available (set 'hibernate.transaction.jta.platform' to enable JTA platform integration)
2026-06-01T17:11:35.544-07:00  INFO 15444 --- [asn1] [           main] j.LocalContainerEntityManagerFactoryBean : Initialized JPA EntityManagerFactory for persistence unit 'default'
2026-06-01T17:11:35.628-07:00  WARN 15444 --- [asn1] [           main] JpaBaseConfiguration$JpaWebConfiguration : spring.jpa.open-in-view is enabled by default. Therefore, database queries may be performed during view rendering. Explicitly configure spring.jpa.open-in-view to disable this warning
2026-06-01T17:11:35.653-07:00  INFO 15444 --- [asn1] [           main] o.s.b.w.a.WelcomePageHandlerMapping      : Adding welcome page: class path resource [static/index.html]
2026-06-01T17:11:35.852-07:00  WARN 15444 --- [asn1] [           main] ion$DefaultTemplateResolverConfiguration : Cannot find template location: classpath:/templates/ (please add some templates, check your Thymeleaf configuration, or set spring.thymeleaf.check-template-location=false)
2026-06-01T17:11:36.344-07:00  INFO 15444 --- [asn1] [           main] o.s.b.a.e.web.EndpointLinksResolver      : Exposing 1 endpoint beneath base path '/actuator'
2026-06-01T17:11:36.397-07:00  INFO 15444 --- [asn1] [           main] com.asn1.asn1.Asn1ApplicationTests       : Started Asn1ApplicationTests in 3.235 seconds (process running for 4.226)
]]></system-out>
    <system-err><![CDATA[Mockito is currently self-attaching to enable the inline-mock-maker. This will no longer work in future releases of the JDK. Please add Mockito as an agent to your build as described in Mockito's documentation: https://javadoc.io/doc/org.mockito/mockito-core/latest/org.mockito/org/mockito/Mockito.html#0.3
WARNING: A Java agent has been loaded dynamically (C:\Users\yihec\.m2\repository\net\bytebuddy\byte-buddy-agent\1.17.8\byte-buddy-agent-1.17.8.jar)
WARNING: If a serviceability tool is in use, please run with -XX:+EnableDynamicAgentLoading to hide this warning
WARNING: If a serviceability tool is not in use, please run with -Djdk.instrument.traceUsage for more information
WARNING: Dynamic loading of agents will be disallowed by default in a future release
]]></system-err>
  </testcase>
</testsuite>